<?xml version="1.0" encoding="UTF-8"?>
<!-- Generated by org.testng.reporters.JUnitReportReporter -->
<testsuite hostname="Aruns-MacBook-Air.local" failures="0" tests="1" name="mavenAutomation.MVN_02TestNG_class" time="0.003" errors="0" timestamp="2025-05-28T00:07:05 IST" skipped="0">
  <testcase classname="mavenAutomation.MVN_02TestNG_class" name="testA" time="0.003"/>
</testsuite> <!-- mavenAutomation.MVN_02TestNG_class -->
