<?xml version="1.0" encoding="UTF-8"?>
<!-- Generated by org.testng.reporters.JUnitReportReporter -->
<testsuite hostname="Aruns-MacBook-Air.local" failures="0" tests="2" name="testNGPackage.TNG_08PracticalImplementationOfDP" time="15.410" errors="0" timestamp="2025-05-29T18:51:35 IST" skipped="0">
  <testcase classname="testNGPackage.TNG_08PracticalImplementationOfDP" name="loginHRM" time="7.344"/>
  <testcase classname="testNGPackage.TNG_08PracticalImplementationOfDP" name="loginHRM" time="8.066"/>
</testsuite> <!-- testNGPackage.TNG_08PracticalImplementationOfDP -->
