<?xml version="1.0" encoding="UTF-8"?>
<!-- Generated by org.testng.reporters.JUnitReportReporter -->
<testsuite hostname="Aruns-MacBook-Air.local" failures="0" tests="3" name="testNGPackage.TNG_07DependsOnMethod" time="0.008" errors="0" timestamp="2025-05-23T01:36:41 IST" skipped="0">
  <testcase classname="testNGPackage.TNG_07DependsOnMethod" name="Search" time="0.007"/>
  <testcase classname="testNGPackage.TNG_07DependsOnMethod" name="Selecting" time="0.001"/>
  <testcase classname="testNGPackage.TNG_07DependsOnMethod" name="Checkout" time="0.000"/>
</testsuite> <!-- testNGPackage.TNG_07DependsOnMethod -->
