<?xml version="1.0" encoding="UTF-8"?>
<!-- Generated by org.testng.reporters.JUnitReportReporter -->
<testsuite hostname="Aruns-MacBook-Air.local" failures="0" tests="4" name="TestNGPackage.TNG_02Priority" time="0.004" errors="0" timestamp="2025-05-22T01:17:41 IST" skipped="0">
  <testcase classname="TestNGPackage.TNG_02Priority" name="setupBrowser" time="0.004"/>
  <testcase classname="TestNGPackage.TNG_02Priority" name="setUpAppURL" time="0.000"/>
  <testcase classname="TestNGPackage.TNG_02Priority" name="registeration" time="0.000"/>
  <testcase classname="TestNGPackage.TNG_02Priority" name="login" time="0.000"/>
</testsuite> <!-- TestNGPackage.TNG_02Priority -->
