<?xml version="1.0" encoding="UTF-8"?>
<!-- Generated by org.testng.reporters.JUnitReportReporter -->
<testsuite hostname="Aruns-MacBook-Air.local" failures="0" tests="1" name="com.keyworddriven.keywordDriven_ReadFromPropertiesFile" time="1.262" errors="0" timestamp="2025-05-26T01:20:36 IST" skipped="0">
  <testcase classname="com.keyworddriven.keywordDriven_ReadFromPropertiesFile" name="loginFacebook" time="1.262"/>
</testsuite> <!-- com.keyworddriven.keywordDriven_ReadFromPropertiesFile -->
