<?xml version="1.0" encoding="UTF-8"?>
<!-- Generated by org.testng.reporters.JUnitReportReporter -->
<testsuite hostname="Aruns-MacBook-Air.local" failures="0" tests="3" name="TestNGPackage.TNG_03BeforeTest_AfterTest" time="0.005" errors="0" timestamp="2025-05-22T01:20:18 IST" skipped="0">
  <testcase classname="TestNGPackage.TNG_03BeforeTest_AfterTest" name="loginFaceBook" time="0.004"/>
  <testcase classname="TestNGPackage.TNG_03BeforeTest_AfterTest" name="loginMyntra" time="0.001"/>
  <testcase classname="TestNGPackage.TNG_03BeforeTest_AfterTest" name="loginstarAgile" time="0.000"/>
</testsuite> <!-- TestNGPackage.TNG_03BeforeTest_AfterTest -->
