<?xml version="1.0" encoding="UTF-8"?>
<!-- Generated by org.testng.reporters.JUnitReportReporter -->
<testsuite hostname="Aruns-MacBook-Air.local" failures="0" tests="4" name="testNGPackage.TNG_11ScriptForParallelExecution" time="21.194" errors="0" timestamp="2025-05-25T22:04:17 IST" skipped="0">
  <testcase classname="testNGPackage.TNG_11ScriptForParallelExecution" name="openAmazon" time="3.716"/>
  <testcase classname="testNGPackage.TNG_11ScriptForParallelExecution" name="OpenFaceBook" time="5.890"/>
  <testcase classname="testNGPackage.TNG_11ScriptForParallelExecution" name="OpenMyntra" time="6.770"/>
  <testcase classname="testNGPackage.TNG_11ScriptForParallelExecution" name="OpenGoogle" time="4.818"/>
</testsuite> <!-- testNGPackage.TNG_11ScriptForParallelExecution -->
