<?xml version="1.0" encoding="UTF-8"?>
<!-- Generated by org.testng.reporters.JUnitReportReporter -->
<testsuite hostname="Aruns-MacBook-Air.local" failures="0" tests="3" name="testNGPackage.TNG_05RandomScenarioWithTestNG" time="17.922" errors="0" timestamp="2025-05-27T12:49:26 IST" skipped="0">
  <testcase classname="testNGPackage.TNG_05RandomScenarioWithTestNG" name="loginHRM" time="6.064"/>
  <testcase classname="testNGPackage.TNG_05RandomScenarioWithTestNG" name="loginHRM1" time="6.124"/>
  <testcase classname="testNGPackage.TNG_05RandomScenarioWithTestNG" name="loginHRM2" time="5.734"/>
</testsuite> <!-- testNGPackage.TNG_05RandomScenarioWithTestNG -->
