<?xml version="1.0" encoding="UTF-8"?>
<!-- Generated by org.testng.reporters.JUnitReportReporter -->
<testsuite hostname="Aruns-MacBook-Air.local" failures="0" tests="4" name="testNGPackage.TNG_10RandomAmazonScript" time="32.652" errors="0" timestamp="2025-06-01T21:07:53 IST" skipped="0">
  <testcase classname="testNGPackage.TNG_10RandomAmazonScript" name="testSellLink" time="5.946"/>
  <testcase classname="testNGPackage.TNG_10RandomAmazonScript" name="testBestSellerLink" time="5.807"/>
  <testcase classname="testNGPackage.TNG_10RandomAmazonScript" name="testElectronicsLink" time="8.135"/>
  <testcase classname="testNGPackage.TNG_10RandomAmazonScript" name="testMobilesLink" time="12.764"/>
</testsuite> <!-- testNGPackage.TNG_10RandomAmazonScript -->
