<?xml version="1.0" encoding="UTF-8"?>
<!-- Generated by org.testng.reporters.JUnitReportReporter -->
<testsuite hostname="Aruns-MacBook-Air.local" failures="0" tests="3" name="TestNGPackage.TNG_04BeforeMethod_AfterMethod" time="0.009" errors="0" timestamp="2025-05-22T01:42:30 IST" skipped="0">
  <testcase classname="TestNGPackage.TNG_04BeforeMethod_AfterMethod" name="loginFaceBook" time="0.004"/>
  <testcase classname="TestNGPackage.TNG_04BeforeMethod_AfterMethod" name="loginMyntra" time="0.003"/>
  <testcase classname="TestNGPackage.TNG_04BeforeMethod_AfterMethod" name="loginstarAgile" time="0.002"/>
</testsuite> <!-- TestNGPackage.TNG_04BeforeMethod_AfterMethod -->
