<?xml version="1.0" encoding="UTF-8"?>
<!-- Generated by org.testng.reporters.JUnitReportReporter -->
<testsuite hostname="Aruns-MacBook-Air.local" failures="0" tests="6" name="com.dataDrivenUsingExcel.CreateLoginData" time="0.020" errors="0" timestamp="2025-05-26T15:16:50 IST" skipped="0">
  <testcase classname="com.dataDrivenUsingExcel.CreateLoginData" name="getLoginData" time="0.001"/>
  <testcase classname="com.dataDrivenUsingExcel.CreateLoginData" name="getLoginData" time="0.001"/>
  <testcase classname="com.dataDrivenUsingExcel.CreateLoginData" name="getLoginData" time="0.015"/>
  <testcase classname="com.dataDrivenUsingExcel.CreateLoginData" name="getLoginData" time="0.001"/>
  <testcase classname="com.dataDrivenUsingExcel.CreateLoginData" name="getLoginData" time="0.001"/>
  <testcase classname="com.dataDrivenUsingExcel.CreateLoginData" name="getLoginData" time="0.001"/>
</testsuite> <!-- com.dataDrivenUsingExcel.CreateLoginData -->
