<?xml version="1.0" encoding="UTF-8"?>
<!-- Generated by org.testng.reporters.JUnitReportReporter -->
<testsuite hostname="Aruns-MacBook-Air.local" failures="0" tests="1" name="com.dataDrivenUsingExcel.ReadDataFromExcelFile" time="0.005" errors="0" timestamp="2025-05-26T16:23:47 IST" skipped="0">
  <testcase classname="com.dataDrivenUsingExcel.ReadDataFromExcelFile" name="readFullDataFromFile" time="0.005"/>
</testsuite> <!-- com.dataDrivenUsingExcel.ReadDataFromExcelFile -->
