<?xml version="1.0" encoding="UTF-8"?>
<!-- Generated by org.testng.reporters.JUnitReportReporter -->
<testsuite hostname="Aruns-MacBook-Air.local" failures="0" tests="1" name="com.dataDrivenUsingExcel.WriteDataIntoExcelFile" time="0.011" errors="0" timestamp="2025-05-26T04:19:08 IST" skipped="0">
  <testcase classname="com.dataDrivenUsingExcel.WriteDataIntoExcelFile" name="writeDataIntoFile" time="0.011"/>
</testsuite> <!-- com.dataDrivenUsingExcel.WriteDataIntoExcelFile -->
