<?xml version="1.0" encoding="UTF-8"?>
<!-- Generated by org.testng.reporters.JUnitReportReporter -->
<testsuite hostname="Aruns-MacBook-Air.local" failures="0" tests="4" name="TestNGPackage.TNG_01FirstScripts" time="0.007" errors="0" timestamp="2025-05-22T01:09:45 IST" skipped="0">
  <testcase classname="TestNGPackage.TNG_01FirstScripts" name="testB" time="0.001"/>
  <testcase classname="TestNGPackage.TNG_01FirstScripts" name="testD" time="0.001"/>
  <testcase classname="TestNGPackage.TNG_01FirstScripts" name="testA" time="0.004"/>
  <testcase classname="TestNGPackage.TNG_01FirstScripts" name="testC" time="0.001"/>
</testsuite> <!-- TestNGPackage.TNG_01FirstScripts -->
