<?xml version="1.0" encoding="UTF-8"?>
<!-- Generated by org.testng.reporters.JUnitReportReporter -->
<testsuite hostname="Aruns-MacBook-Air.local" failures="0" tests="3" name="testNGPackage.TNG_06DataProvider" time="0.008" errors="0" timestamp="2025-05-23T00:43:03 IST" skipped="0">
  <testcase classname="testNGPackage.TNG_06DataProvider" name="getData" time="0.001"/>
  <testcase classname="testNGPackage.TNG_06DataProvider" name="getData" time="0.001"/>
  <testcase classname="testNGPackage.TNG_06DataProvider" name="getData" time="0.006"/>
</testsuite> <!-- testNGPackage.TNG_06DataProvider -->
