<?xml version="1.0" encoding="UTF-8"?>
<!-- Generated by org.testng.reporters.JUnitReportReporter -->
<testsuite hostname="Aruns-MacBook-Air.local" failures="0" tests="1" name="authenticationType.basicAuthentication" time="1.699" errors="0" timestamp="2025-06-16T20:47:58 IST" skipped="0">
  <testcase classname="authenticationType.basicAuthentication" name="digestAuthenticationTest" time="1.699"/>
  <system-out/>
</testsuite> <!-- authenticationType.basicAuthentication -->
