<?xml version="1.0" encoding="UTF-8"?>
<!-- Generated by org.testng.reporters.JUnitReportReporter -->
<testsuite hostname="Aruns-MacBook-Air.local" failures="0" tests="1" name="httpMethodsBDD.getRequestMethod" time="0.865" errors="0" timestamp="2025-06-13T00:33:13 IST" skipped="0">
  <testcase classname="httpMethodsBDD.getRequestMethod" name="getRequestBDD" time="0.865"/>
  <system-out/>
</testsuite> <!-- httpMethodsBDD.getRequestMethod -->
