<?xml version="1.0" encoding="UTF-8"?>
<!-- Generated by org.testng.reporters.JUnitReportReporter -->
<testsuite hostname="Aruns-MacBook-Air.local" failures="0" tests="2" name="httpMethodsBDD.Serialization_deSerialization_RestAssured" time="0.091" errors="0" timestamp="2025-06-16T20:39:35 IST" skipped="0">
  <testcase classname="httpMethodsBDD.Serialization_deSerialization_RestAssured" name="deSerializationTest" time="0.086"/>
  <system-out/>
  <testcase classname="httpMethodsBDD.Serialization_deSerialization_RestAssured" name="serializationTest" time="0.005"/>
  <system-out/>
</testsuite> <!-- httpMethodsBDD.Serialization_deSerialization_RestAssured -->
