<?xml version="1.0" encoding="UTF-8"?>
<!-- Generated by org.testng.reporters.JUnitReportReporter -->
<testsuite hostname="Aruns-MacBook-Air.local" failures="0" tests="1" name="httpMethodsBDD.Headers_Cookies_QueryParameter" time="0.713" errors="0" timestamp="2025-06-15T18:06:43 IST" skipped="0">
  <testcase classname="httpMethodsBDD.Headers_Cookies_QueryParameter" name="queryParameterTest" time="0.713"/>
  <system-out/>
</testsuite> <!-- httpMethodsBDD.Headers_Cookies_QueryParameter -->
