<?xml version="1.0" encoding="UTF-8"?>
<!-- Generated by org.testng.reporters.JUnitReportReporter -->
<testsuite hostname="Aruns-MacBook-Air.local" failures="0" tests="1" name="api_Methods.GetIDs" time="0.841" errors="0" timestamp="2025-06-13T00:51:16 IST" skipped="0">
  <testcase classname="api_Methods.GetIDs" name="getIDs" time="0.841"/>
  <system-out/>
</testsuite> <!-- api_Methods.GetIDs -->
