<?xml version="1.0" encoding="UTF-8"?>
<!-- Generated by org.testng.reporters.JUnitReportReporter -->
<testsuite hostname="Aruns-MacBook-Air.local" failures="0" tests="1" name="authenticationType.BearerTokenAuthentication" time="1.164" errors="0" timestamp="2025-06-17T03:06:52 IST" skipped="0">
  <testcase classname="authenticationType.BearerTokenAuthentication" name="bearerTokenTest" time="1.164"/>
  <system-out/>
</testsuite> <!-- authenticationType.BearerTokenAuthentication -->
