<?xml version="1.0" encoding="UTF-8"?>
<!-- Generated by org.testng.reporters.JUnitReportReporter -->
<testsuite hostname="Aruns-MacBook-Air.local" failures="0" tests="1" name="httpMethodsBDD.PostRequestWithBasicPayloads" time="1.358" errors="0" timestamp="2025-06-14T00:44:15 IST" skipped="0">
  <testcase classname="httpMethodsBDD.PostRequestWithBasicPayloads" name="postRequestWithPojoData" time="1.358"/>
  <system-out/>
</testsuite> <!-- httpMethodsBDD.PostRequestWithBasicPayloads -->
