<?xml version="1.0" encoding="UTF-8"?>
<!-- Generated by org.testng.reporters.JUnitReportReporter -->
<testsuite hostname="Aruns-MacBook-Air.local" failures="0" tests="1" name="com.TestNGass.AS_022LoginHRM" time="7.907" errors="0" timestamp="2025-05-29T18:53:59 IST" skipped="0">
  <testcase classname="com.TestNGass.AS_022LoginHRM" name="loginHRM" time="7.907"/>
</testsuite> <!-- com.TestNGass.AS_022LoginHRM -->
