<?xml version="1.0" encoding="UTF-8"?>
<!-- Generated by org.testng.reporters.JUnitReportReporter -->
<testsuite hostname="Aruns-MacBook-Air.local" failures="0" tests="5" name="com.TestNGass.LoginInternet" time="38.750" errors="0" timestamp="2025-05-30T01:15:17 IST" skipped="0">
  <testcase classname="com.TestNGass.LoginInternet" name="testLogin" time="7.645"/>
  <testcase classname="com.TestNGass.LoginInternet" name="testLogin" time="7.572"/>
  <testcase classname="com.TestNGass.LoginInternet" name="testLogin" time="7.799"/>
  <testcase classname="com.TestNGass.LoginInternet" name="testLogin" time="7.856"/>
  <testcase classname="com.TestNGass.LoginInternet" name="testLogin" time="7.878"/>
</testsuite> <!-- com.TestNGass.LoginInternet -->
