<?xml version="1.0" encoding="UTF-8"?>
<!-- Generated by org.testng.reporters.JUnitReportReporter -->
<testsuite hostname="Aruns-MacBook-Air.local" failures="0" tests="6" name="com.TestNGass.AS_23CreateLoginDataAndPerform" time="0.018" errors="0" timestamp="2025-05-30T01:07:44 IST" skipped="0">
  <testcase classname="com.TestNGass.AS_23CreateLoginDataAndPerform" name="writeloginData" time="0.001"/>
  <testcase classname="com.TestNGass.AS_23CreateLoginDataAndPerform" name="writeloginData" time="0.001"/>
  <testcase classname="com.TestNGass.AS_23CreateLoginDataAndPerform" name="writeloginData" time="0.001"/>
  <testcase classname="com.TestNGass.AS_23CreateLoginDataAndPerform" name="writeloginData" time="0.013"/>
  <testcase classname="com.TestNGass.AS_23CreateLoginDataAndPerform" name="writeloginData" time="0.001"/>
  <testcase classname="com.TestNGass.AS_23CreateLoginDataAndPerform" name="writeloginData" time="0.001"/>
</testsuite> <!-- com.TestNGass.AS_23CreateLoginDataAndPerform -->
