<?xml version="1.0" encoding="UTF-8"?>
<!-- Generated by org.testng.reporters.JUnitReportReporter -->
<testsuite hostname="Aruns-MacBook-Air.local" failures="0" tests="3" name="com.dailySelenium.AS_019AmazonScriptforTestNG" time="15.827" errors="0" timestamp="2025-05-28T02:10:28 IST" skipped="0">
  <testcase classname="com.dailySelenium.AS_019AmazonScriptforTestNG" name="SellLink" time="4.207"/>
  <testcase classname="com.dailySelenium.AS_019AmazonScriptforTestNG" name="BestSellLink" time="2.054"/>
  <testcase classname="com.dailySelenium.AS_019AmazonScriptforTestNG" name="MobilesLink" time="9.566"/>
</testsuite> <!-- com.dailySelenium.AS_019AmazonScriptforTestNG -->
